
**** Build of configuration Nios II for project CUDoom_2 ****

make all 
Info: Building ../CUDoom_2_bsp/
make --no-print-directory -C ../CUDoom_2_bsp/
[BSP build complete]
Info: Compiling hello_world.c to obj/default/hello_world.o
nios2-elf-gcc -xc -MP -MMD -c -I../CUDoom_2_bsp//HAL/inc -I../CUDoom_2_bsp/ -I../CUDoom_2_bsp//drivers/inc  -DSYSTEM_BUS_WIDTH=32 -pipe -D__hal__ -DALT_NO_INSTRUCTION_EMULATION -DALT_SINGLE_THREADED    -O0 -g -Wall   -EL -mno-hw-div -mhw-mul -mno-hw-mulx  -o obj/default/hello_world.o hello_world.c
In file included from hello_world.c:5:
sky.h:485:3: warning: no newline at end of file
hello_world.c:56: warning: missing braces around initializer
hello_world.c:56: warning: (near initialization for 'worldMap[0]')
Info: Linking CUDoom_2.elf
nios2-elf-g++  -T'../CUDoom_2_bsp//linker.x' -msys-crt0='../CUDoom_2_bsp//obj/HAL/src/crt0.o' -msys-lib=hal_bsp -L../CUDoom_2_bsp/   -Wl,-Map=CUDoom_2.map   -O0 -g -Wall   -EL -mno-hw-div -mhw-mul -mno-hw-mulx  -o CUDoom_2.elf obj/default/hello_world.o -lm 
nios2-elf-insert CUDoom_2.elf --thread_model hal --cpu_name cpu_0 --simulation_enabled false --stderr_dev jtag_uart_0 --stdin_dev jtag_uart_0 --stdout_dev jtag_uart_0 --sopc_system_name new_doom --quartus_project_dir "/home/user2/spring13/ag3287/CUDoom" --jdi /home/user2/spring13/ag3287/CUDoom/software/CUDoom_2_bsp/../../CUDoom.jdi --sopcinfo /home/user2/spring13/ag3287/CUDoom/software/CUDoom_2_bsp/../../new_doom.sopcinfo
Info: (CUDoom_2.elf) 583 KBytes program size (code + initialized data).
Info:                7601 KBytes free for stack + heap.
Info: Creating CUDoom_2.objdump
nios2-elf-objdump --disassemble --syms --all-header --source CUDoom_2.elf >CUDoom_2.objdump
[CUDoom_2 build complete]

**** Build Finished ****
