Flow report for CUDoom
Fri May 10 19:04:47 2013
Quartus II 32-bit Version 12.1 Build 177 11/07/2012 SJ Full Version


---------------------
; Table of Contents ;
---------------------
  1. Legal Notice
  2. Flow Summary
  3. Flow Settings
  4. Flow Non-Default Global Settings
  5. Flow Elapsed Time
  6. Flow OS Summary
  7. Flow Log



----------------
; Legal Notice ;
----------------
Copyright (C) 1991-2012 Altera Corporation
Your use of Altera Corporation's design tools, logic functions 
and other software and tools, and its AMPP partner logic 
functions, and any output files from any of the foregoing 
(including device programming or simulation files), and any 
associated documentation or information are expressly subject 
to the terms and conditions of the Altera Program License 
Subscription Agreement, Altera MegaCore Function License 
Agreement, or other applicable license agreement, including, 
without limitation, that your use is for the sole purpose of 
programming logic devices manufactured by Altera and sold by 
Altera or its authorized distributors.  Please refer to the 
applicable agreement for further details.



+--------------------------------------------------------------------------------+
; Flow Summary                                                                   ;
+------------------------------------+-------------------------------------------+
; Flow Status                        ; Successful - Fri May 10 19:04:47 2013     ;
; Quartus II 32-bit Version          ; 12.1 Build 177 11/07/2012 SJ Full Version ;
; Revision Name                      ; CUDoom                                    ;
; Top-level Entity Name              ; top                                       ;
; Family                             ; Cyclone II                                ;
; Device                             ; EP2C35F672C6                              ;
; Timing Models                      ; Final                                     ;
; Total logic elements               ; 26,176 / 33,216 ( 79 % )                  ;
;     Total combinational functions  ; 25,638 / 33,216 ( 77 % )                  ;
;     Dedicated logic registers      ; 3,047 / 33,216 ( 9 % )                    ;
; Total registers                    ; 3099                                      ;
; Total pins                         ; 424 / 475 ( 89 % )                        ;
; Total virtual pins                 ; 0                                         ;
; Total memory bits                  ; 320,776 / 483,840 ( 66 % )                ;
; Embedded Multiplier 9-bit elements ; 18 / 70 ( 26 % )                          ;
; Total PLLs                         ; 1 / 4 ( 25 % )                            ;
+------------------------------------+-------------------------------------------+


+-----------------------------------------+
; Flow Settings                           ;
+-------------------+---------------------+
; Option            ; Setting             ;
+-------------------+---------------------+
; Start date & time ; 05/10/2013 18:51:30 ;
; Main task         ; Compilation         ;
; Revision Name     ; CUDoom              ;
+-------------------+---------------------+


+----------------------------------------------------------------------------------------------------------------------------+
; Flow Non-Default Global Settings                                                                                           ;
+-------------------------------------+---------------------------------------+---------------+-------------+----------------+
; Assignment Name                     ; Value                                 ; Default Value ; Entity Name ; Section Id     ;
+-------------------------------------+---------------------------------------+---------------+-------------+----------------+
; AUTO_ROM_RECOGNITION                ; Off                                   ; On            ; --          ; --             ;
; COMPILER_SIGNATURE_ID               ; 246917495215746.136822628320050       ; --            ; --          ; --             ;
; EDA_OUTPUT_DATA_FORMAT              ; Vhdl                                  ; --            ; --          ; eda_simulation ;
; EDA_SIMULATION_TOOL                 ; ModelSim-Altera (VHDL)                ; <None>        ; --          ; --             ;
; IP_TOOL_ENV                         ; sopc                                  ; --            ; new_doom    ; --             ;
; IP_TOOL_NAME                        ; LPM_MULT                              ; --            ; --          ; --             ;
; IP_TOOL_NAME                        ; RAM: 1-PORT                           ; --            ; --          ; --             ;
; IP_TOOL_NAME                        ; RAM: 1-PORT                           ; --            ; --          ; --             ;
; IP_TOOL_NAME                        ; RAM: 1-PORT                           ; --            ; --          ; --             ;
; IP_TOOL_NAME                        ; RAM: 1-PORT                           ; --            ; --          ; --             ;
; IP_TOOL_NAME                        ; LPM_MULT                              ; --            ; --          ; --             ;
; IP_TOOL_NAME                        ; RAM: 1-PORT                           ; --            ; --          ; --             ;
; IP_TOOL_NAME                        ; FIFO                                  ; --            ; --          ; --             ;
; IP_TOOL_NAME                        ; sopc                                  ; --            ; new_doom    ; --             ;
; IP_TOOL_VERSION                     ; 12.1                                  ; --            ; --          ; --             ;
; IP_TOOL_VERSION                     ; 12.1                                  ; --            ; --          ; --             ;
; IP_TOOL_VERSION                     ; 12.1                                  ; --            ; --          ; --             ;
; IP_TOOL_VERSION                     ; 12.1                                  ; --            ; --          ; --             ;
; IP_TOOL_VERSION                     ; 12.1                                  ; --            ; --          ; --             ;
; IP_TOOL_VERSION                     ; 12.1                                  ; --            ; --          ; --             ;
; IP_TOOL_VERSION                     ; 12.1                                  ; --            ; --          ; --             ;
; IP_TOOL_VERSION                     ; 12.1                                  ; --            ; --          ; --             ;
; IP_TOOL_VERSION                     ; 12.1                                  ; --            ; new_doom    ; --             ;
; MAX_CORE_JUNCTION_TEMP              ; 85                                    ; --            ; --          ; --             ;
; MIN_CORE_JUNCTION_TEMP              ; 0                                     ; --            ; --          ; --             ;
; MISC_FILE                           ; mult.cmp                              ; --            ; --          ; --             ;
; MISC_FILE                           ; mem_custom_1_a.cmp                    ; --            ; --          ; --             ;
; MISC_FILE                           ; mem_custom_2_a.cmp                    ; --            ; --          ; --             ;
; MISC_FILE                           ; mem_custom_1_b.cmp                    ; --            ; --          ; --             ;
; MISC_FILE                           ; mem_custom_2_b.cmp                    ; --            ; --          ; --             ;
; MISC_FILE                           ; mult_reg.cmp                          ; --            ; --          ; --             ;
; MISC_FILE                           ; mem_patch_2.cmp                       ; --            ; --          ; --             ;
; MISC_FILE                           ; FIFO.cmp                              ; --            ; --          ; --             ;
; PARTITION_COLOR                     ; 16764057                              ; --            ; top         ; Top            ;
; PARTITION_FITTER_PRESERVATION_LEVEL ; PLACEMENT_AND_ROUTING                 ; --            ; top         ; Top            ;
; PARTITION_NETLIST_TYPE              ; SOURCE                                ; --            ; top         ; Top            ;
; POWER_BOARD_THERMAL_MODEL           ; None (CONSERVATIVE)                   ; --            ; --          ; --             ;
; POWER_PRESET_COOLING_SOLUTION       ; 23 MM HEAT SINK WITH 200 LFPM AIRFLOW ; --            ; --          ; --             ;
; PROJECT_OUTPUT_DIRECTORY            ; output_files                          ; --            ; --          ; --             ;
; SOPC_BUILDER_SIGNATURE_ID           ; Bc305be677fe0000013e8820755d          ; --            ; --          ; --             ;
; TOP_LEVEL_ENTITY                    ; top                                   ; CUDoom        ; --          ; --             ;
+-------------------------------------+---------------------------------------+---------------+-------------+----------------+


+-------------------------------------------------------------------------------------------------------------------------------+
; Flow Elapsed Time                                                                                                             ;
+---------------------------+--------------+-------------------------+---------------------+------------------------------------+
; Module Name               ; Elapsed Time ; Average Processors Used ; Peak Virtual Memory ; Total CPU Time (on all processors) ;
+---------------------------+--------------+-------------------------+---------------------+------------------------------------+
; Analysis & Synthesis      ; 00:07:42     ; 1.0                     ; 494 MB              ; 00:07:33                           ;
; Fitter                    ; 00:04:10     ; 1.6                     ; 716 MB              ; 00:04:06                           ;
; Assembler                 ; 00:00:08     ; 1.0                     ; 374 MB              ; 00:00:07                           ;
; TimeQuest Timing Analyzer ; 00:00:15     ; 1.0                     ; 506 MB              ; 00:00:14                           ;
; EDA Netlist Writer        ; 00:00:34     ; 1.0                     ; 481 MB              ; 00:00:27                           ;
; Total                     ; 00:12:49     ; --                      ; --                  ; 00:12:27                           ;
+---------------------------+--------------+-------------------------+---------------------+------------------------------------+


+--------------------------------------------------------------------------------------+
; Flow OS Summary                                                                      ;
+---------------------------+------------------+---------+------------+----------------+
; Module Name               ; Machine Hostname ; OS Name ; OS Version ; Processor type ;
+---------------------------+------------------+---------+------------+----------------+
; Analysis & Synthesis      ; micro10          ; Red Hat ; 5          ; x86_64         ;
; Fitter                    ; micro10          ; Red Hat ; 5          ; x86_64         ;
; Assembler                 ; micro10          ; Red Hat ; 5          ; x86_64         ;
; TimeQuest Timing Analyzer ; micro10          ; Red Hat ; 5          ; x86_64         ;
; EDA Netlist Writer        ; micro10          ; Red Hat ; 5          ; x86_64         ;
+---------------------------+------------------+---------+------------+----------------+


------------
; Flow Log ;
------------
quartus_map --read_settings_files=on --write_settings_files=off CUDoom -c CUDoom
quartus_fit --read_settings_files=off --write_settings_files=off CUDoom -c CUDoom
quartus_asm --read_settings_files=off --write_settings_files=off CUDoom -c CUDoom
quartus_sta CUDoom -c CUDoom
quartus_eda --read_settings_files=off --write_settings_files=off CUDoom -c CUDoom



